[00:49:26] [ServerMain/INFO]: Environment: Environment[sessionHost=https://sessionserver.mojang.com, servicesHost=https://api.minecraftservices.com, profilesHost=https://api.mojang.com, name=PROD]
[00:49:28] [ServerMain/INFO]: Loaded 1515 recipes
[00:49:28] [ServerMain/INFO]: Loaded 1617 advancements
[00:49:28] [Server thread/INFO]: Starting minecraft server version 26.1.2
[00:49:28] [Server thread/INFO]: Loading properties
[00:49:28] [Server thread/INFO]: Default game type: SURVIVAL
[00:49:28] [Server thread/INFO]: Generating keypair
[00:49:29] [Server thread/INFO]: Starting Minecraft server on 192.168.191.22:25565
[00:49:29] [Server thread/WARN]: **** SERVER IS RUNNING IN OFFLINE/INSECURE MODE!
[00:49:29] [Server thread/WARN]: The server will make no attempt to authenticate usernames. Beware.
[00:49:29] [Server thread/WARN]: While this makes the game possible to play without internet access, it also opens up the ability for hackers to connect with any username they choose.
[00:49:29] [Server thread/WARN]: To change this, set "online-mode" to "true" in the server.properties file.
[00:49:29] [Server thread/INFO]: Preparing level "world"
[00:49:29] [Server thread/INFO]: Loading 0 persistent chunks...
[00:49:29] [Server thread/INFO]: Preparing spawn area: 100%
[00:49:29] [Server thread/INFO]: Time elapsed: 16 ms
[00:49:29] [Server thread/INFO]: Done (0.298s)! For help, type "help"
[00:49:29] [Server thread/INFO]: Saving chunks for level 'ServerLevel[world]'/minecraft:overworld
[00:49:29] [Server thread/INFO]: Saving chunks for level 'ServerLevel[world]'/minecraft:the_end
[00:49:29] [Server thread/INFO]: Saving chunks for level 'ServerLevel[world]'/minecraft:the_nether
[00:49:29] [Server thread/INFO]: ThreadedAnvilChunkStorage (world): All chunks are saved
[00:49:29] [Server thread/INFO]: ThreadedAnvilChunkStorage (DIM1): All chunks are saved
[00:49:29] [Server thread/INFO]: ThreadedAnvilChunkStorage (DIM-1): All chunks are saved
[00:49:29] [Server thread/INFO]: ThreadedAnvilChunkStorage: All dimensions are saved
[00:50:29] [Server thread/INFO]: Server empty for 60 seconds, pausing
[00:55:40] [Server thread/INFO]: Fachichi[/192.168.191.113:53015] logged in with entity id 115 at (-569.5, 91.0, 158.5)
[00:55:40] [Server thread/INFO]: Fachichi joined the game
[00:55:43] [Server thread/INFO]: Fachichi lost connection: Disconnected
[00:55:43] [Server thread/INFO]: Fachichi left the game
[00:56:43] [Server thread/INFO]: Server empty for 60 seconds, pausing
